# JRE version: OpenJDK Runtime Environment (17.0.7) (build 17.0.7+0-b2043.56-10550314)
# Java VM: OpenJDK 64-Bit Server VM (17.0.7+0-b2043.56-10550314, mixed mode, tiered, compressed oops, compressed class ptrs, g1 gc, windows-amd64)
GC Precious Log:
 CPUs: 2 total, 2 available
 Memory: 3503M
 Large Page Support: Disabled
 NUMA Support: Disabled
 Compressed Oops: Enabled (32-bit)
 Heap Region Size: 1M
 Heap Min Capacity: 8M
 Heap Initial Capacity: 56M
 Heap Max Capacity: 2G
 Pre-touch: Disabled
 Parallel Workers: 2
 Concurrent Workers: 1
 Concurrent Refinement Workers: 2
 Periodic GC: Disabled
Heap:
 garbage-first heap   total 268288K, used 134370K [0x0000000080000000, 0x0000000100000000)
  region size 1024K, 1 young (1024K), 1 survivors (1024K)
 Metaspace       used 111289K, committed 112000K, reserved 1179648K
  class space    used 15070K, committed 15424K, reserved 1048576K
GC Heap History (20 events):
Event: 55.249 GC heap after
{Heap after GC invocations=52 (full 0):
 garbage-first heap   total 165888K, used 90436K [0x0000000080000000, 0x0000000100000000)
  region size 1024K, 6 young (6144K), 6 survivors (6144K)
 Metaspace       used 99347K, committed 100032K, reserved 1179648K
  class space    used 13590K, committed 13888K, reserved 1048576K
}
Event: 58.228 GC heap before
{Heap before GC invocations=52 (full 0):
 garbage-first heap   total 165888K, used 137540K [0x0000000080000000, 0x0000000100000000)
  region size 1024K, 52 young (53248K), 6 survivors (6144K)
 Metaspace       used 103149K, committed 103808K, reserved 1179648K
  class space    used 14075K, committed 14400K, reserved 1048576K
}
Event: 58.280 GC heap after
{Heap after GC invocations=53 (full 0):
 garbage-first heap   total 165888K, used 94073K [0x0000000080000000, 0x0000000100000000)
  region size 1024K, 6 young (6144K), 6 survivors (6144K)
 Metaspace       used 103149K, committed 103808K, reserved 1179648K
  class space    used 14075K, committed 14400K, reserved 1048576K
}
Event: 60.039 GC heap before
{Heap before GC invocations=54 (full 0):
 garbage-first heap   total 165888K, used 138105K [0x0000000080000000, 0x0000000100000000)
  region size 1024K, 49 young (50176K), 6 survivors (6144K)
 Metaspace       used 103867K, committed 104512K, reserved 1179648K
  class space    used 14168K, committed 14464K, reserved 1048576K
}
Event: 60.132 GC heap after
{Heap after GC invocations=55 (full 0):
 garbage-first heap   total 165888K, used 100058K [0x0000000080000000, 0x0000000100000000)
  region size 1024K, 7 young (7168K), 7 survivors (7168K)
 Metaspace       used 103867K, committed 104512K, reserved 1179648K
  class space    used 14168K, committed 14464K, reserved 1048576K
}
Event: 61.040 GC heap before
{Heap before GC invocations=55 (full 0):
 garbage-first heap   total 165888K, used 124634K [0x0000000080000000, 0x0000000100000000)
  region size 1024K, 33 young (33792K), 7 survivors (7168K)
 Metaspace       used 104762K, committed 105408K, reserved 1179648K
  class space    used 14237K, committed 14528K, reserved 1048576K
}
Event: 61.092 GC heap after
{Heap after GC invocations=56 (full 0):
 garbage-first heap   total 268288K, used 106897K [0x0000000080000000, 0x0000000100000000)
  region size 1024K, 6 young (6144K), 6 survivors (6144K)
 Metaspace       used 104762K, committed 105408K, reserved 1179648K
  class space    used 14237K, committed 14528K, reserved 1048576K
}
Event: 61.096 GC heap before
{Heap before GC invocations=56 (full 0):
 garbage-first heap   total 268288K, used 107921K [0x0000000080000000, 0x0000000100000000)
  region size 1024K, 7 young (7168K), 6 survivors (6144K)
 Metaspace       used 104762K, committed 105408K, reserved 1179648K
  class space    used 14237K, committed 14528K, reserved 1048576K
}
Event: 61.110 GC heap after
{Heap after GC invocations=57 (full 0):
 garbage-first heap   total 268288K, used 107409K [0x0000000080000000, 0x0000000100000000)
  region size 1024K, 6 young (6144K), 6 survivors (6144K)
 Metaspace       used 104762K, committed 105408K, reserved 1179648K
  class space    used 14237K, committed 14528K, reserved 1048576K
}
Event: 74.611 GC heap before
{Heap before GC invocations=58 (full 0):
 garbage-first heap   total 268288K, used 215953K [0x0000000080000000, 0x0000000100000000)
  region size 1024K, 107 young (109568K), 6 survivors (6144K)
 Metaspace       used 110316K, committed 111104K, reserved 1179648K
  class space    used 14976K, committed 15360K, reserved 1048576K
}
Event: 75.417 GC heap after
{Heap after GC invocations=59 (full 0):
 garbage-first heap   total 268288K, used 126765K [0x0000000080000000, 0x0000000100000000)
  region size 1024K, 14 young (14336K), 14 survivors (14336K)
 Metaspace       used 110316K, committed 111104K, reserved 1179648K
  class space    used 14976K, committed 15360K, reserved 1048576K
}
Event: 75.520 GC heap before
{Heap before GC invocations=59 (full 0):
 garbage-first heap   total 268288K, used 126765K [0x0000000080000000, 0x0000000100000000)
  region size 1024K, 15 young (15360K), 14 survivors (14336K)
 Metaspace       used 110328K, committed 111104K, reserved 1179648K
  class space    used 14976K, committed 15360K, reserved 1048576K
}
Event: 76.318 GC heap after
{Heap after GC invocations=60 (full 0):
 garbage-first heap   total 268288K, used 128000K [0x0000000080000000, 0x0000000100000000)
  region size 1024K, 2 young (2048K), 2 survivors (2048K)
 Metaspace       used 110328K, committed 111104K, reserved 1179648K
  class space    used 14976K, committed 15360K, reserved 1048576K
}
Event: 79.548 GC heap before
{Heap before GC invocations=60 (full 0):
 garbage-first heap   total 268288K, used 138240K [0x0000000080000000, 0x0000000100000000)
  region size 1024K, 13 young (13312K), 2 survivors (2048K)
 Metaspace       used 110916K, committed 111680K, reserved 1179648K
  class space    used 15042K, committed 15424K, reserved 1048576K
}
Event: 79.560 GC heap after
{Heap after GC invocations=61 (full 0):
 garbage-first heap   total 268288K, used 128512K [0x0000000080000000, 0x0000000100000000)
  region size 1024K, 2 young (2048K), 2 survivors (2048K)
 Metaspace       used 110916K, committed 111680K, reserved 1179648K
  class space    used 15042K, committed 15424K, reserved 1048576K
}
Event: 80.334 GC heap before
{Heap before GC invocations=61 (full 0):
 garbage-first heap   total 268288K, used 140800K [0x0000000080000000, 0x0000000100000000)
  region size 1024K, 15 young (15360K), 2 survivors (2048K)
 Metaspace       used 111169K, committed 111936K, reserved 1179648K
  class space    used 15060K, committed 15424K, reserved 1048576K
}
Event: 80.375 GC heap after
{Heap after GC invocations=62 (full 0):
 garbage-first heap   total 268288K, used 131404K [0x0000000080000000, 0x0000000100000000)
  region size 1024K, 2 young (2048K), 2 survivors (2048K)
 Metaspace       used 111169K, committed 111936K, reserved 1179648K
  class space    used 15060K, committed 15424K, reserved 1048576K
}
Event: 84.891 GC heap before
{Heap before GC invocations=63 (full 0):
 garbage-first heap   total 268288K, used 155980K [0x0000000080000000, 0x0000000100000000)
  region size 1024K, 19 young (19456K), 2 survivors (2048K)
 Metaspace       used 111258K, committed 112000K, reserved 1179648K
  class space    used 15067K, committed 15424K, reserved 1048576K
}
Event: 84.937 GC heap after
{Heap after GC invocations=64 (full 0):
 garbage-first heap   total 268288K, used 136148K [0x0000000080000000, 0x0000000100000000)
  region size 1024K, 3 young (3072K), 3 survivors (3072K)
 Metaspace       used 111258K, committed 112000K, reserved 1179648K
  class space    used 15067K, committed 15424K, reserved 1048576K
}
Event: 85.089 GC heap before
{Heap before GC invocations=64 (full 0):
 garbage-first heap   total 268288K, used 146388K [0x0000000080000000, 0x0000000100000000)
  region size 1024K, 13 young (13312K), 3 survivors (3072K)
 Metaspace       used 111289K, committed 112000K, reserved 1179648K
  class space    used 15070K, committed 15424K, reserved 1048576K
}

