# JRE version: OpenJDK Runtime Environment (17.0.7) (build 17.0.7+0-b2043.56-10550314)
# Java VM: OpenJDK 64-Bit Server VM (17.0.7+0-b2043.56-10550314, mixed mode, tiered, compressed oops, compressed class ptrs, g1 gc, windows-amd64)
GC Precious Log:
 CPUs: 2 total, 2 available
 Memory: 3503M
 Large Page Support: Disabled
 NUMA Support: Disabled
 Compressed Oops: Enabled (32-bit)
 Heap Region Size: 1M
 Heap Min Capacity: 8M
 Heap Initial Capacity: 56M
 Heap Max Capacity: 876M
 Pre-touch: Disabled
 Parallel Workers: 2
 Concurrent Workers: 1
 Concurrent Refinement Workers: 2
 Periodic GC: Disabled
Heap:
 garbage-first heap   total 28672K, used 15976K [0x00000000c9400000, 0x0000000100000000)
  region size 1024K, 1 young (1024K), 1 survivors (1024K)
 Metaspace       used 27626K, committed 27776K, reserved 1114112K
  class space    used 3522K, committed 3584K, reserved 1048576K
GC Heap History (19 events):
Event: 2.634 GC heap before
{Heap before GC invocations=0 (full 0):
 garbage-first heap   total 57344K, used 10240K [0x00000000c9400000, 0x0000000100000000)
  region size 1024K, 6 young (6144K), 0 survivors (0K)
 Metaspace       used 7666K, committed 7808K, reserved 1114112K
  class space    used 585K, committed 640K, reserved 1048576K
}
Event: 2.645 GC heap after
{Heap after GC invocations=1 (full 0):
 garbage-first heap   total 57344K, used 6761K [0x00000000c9400000, 0x0000000100000000)
  region size 1024K, 1 young (1024K), 1 survivors (1024K)
 Metaspace       used 7666K, committed 7808K, reserved 1114112K
  class space    used 585K, committed 640K, reserved 1048576K
}
Event: 3.188 GC heap before
{Heap before GC invocations=1 (full 0):
 garbage-first heap   total 57344K, used 11881K [0x00000000c9400000, 0x0000000100000000)
  region size 1024K, 6 young (6144K), 1 survivors (1024K)
 Metaspace       used 10768K, committed 10880K, reserved 1114112K
  class space    used 900K, committed 960K, reserved 1048576K
}
Event: 3.192 GC heap after
{Heap after GC invocations=2 (full 0):
 garbage-first heap   total 57344K, used 6339K [0x00000000c9400000, 0x0000000100000000)
  region size 1024K, 1 young (1024K), 1 survivors (1024K)
 Metaspace       used 10768K, committed 10880K, reserved 1114112K
  class space    used 900K, committed 960K, reserved 1048576K
}
Event: 6.180 GC heap before
{Heap before GC invocations=2 (full 0):
 garbage-first heap   total 57344K, used 18627K [0x00000000c9400000, 0x0000000100000000)
  region size 1024K, 13 young (13312K), 1 survivors (1024K)
 Metaspace       used 14612K, committed 14720K, reserved 1114112K
  class space    used 1451K, committed 1536K, reserved 1048576K
}
Event: 6.186 GC heap after
{Heap after GC invocations=3 (full 0):
 garbage-first heap   total 57344K, used 6927K [0x00000000c9400000, 0x0000000100000000)
  region size 1024K, 2 young (2048K), 2 survivors (2048K)
 Metaspace       used 14612K, committed 14720K, reserved 1114112K
  class space    used 1451K, committed 1536K, reserved 1048576K
}
Event: 10.034 GC heap before
{Heap before GC invocations=3 (full 0):
 garbage-first heap   total 57344K, used 26383K [0x00000000c9400000, 0x0000000100000000)
  region size 1024K, 22 young (22528K), 2 survivors (2048K)
 Metaspace       used 21319K, committed 21504K, reserved 1114112K
  class space    used 2406K, committed 2496K, reserved 1048576K
}
Event: 10.043 GC heap after
{Heap after GC invocations=4 (full 0):
 garbage-first heap   total 57344K, used 7795K [0x00000000c9400000, 0x0000000100000000)
  region size 1024K, 2 young (2048K), 2 survivors (2048K)
 Metaspace       used 21319K, committed 21504K, reserved 1114112K
  class space    used 2406K, committed 2496K, reserved 1048576K
}
Event: 10.835 GC heap before
{Heap before GC invocations=5 (full 0):
 garbage-first heap   total 27648K, used 22131K [0x00000000c9400000, 0x0000000100000000)
  region size 1024K, 15 young (15360K), 2 survivors (2048K)
 Metaspace       used 22848K, committed 23104K, reserved 1114112K
  class space    used 2775K, committed 2880K, reserved 1048576K
}
Event: 10.855 GC heap after
{Heap after GC invocations=6 (full 0):
 garbage-first heap   total 28672K, used 12887K [0x00000000c9400000, 0x0000000100000000)
  region size 1024K, 2 young (2048K), 2 survivors (2048K)
 Metaspace       used 22848K, committed 23104K, reserved 1114112K
  class space    used 2775K, committed 2880K, reserved 1048576K
}
Event: 11.043 GC heap before
{Heap before GC invocations=6 (full 0):
 garbage-first heap   total 28672K, used 13911K [0x00000000c9400000, 0x0000000100000000)
  region size 1024K, 3 young (3072K), 2 survivors (2048K)
 Metaspace       used 22848K, committed 23104K, reserved 1114112K
  class space    used 2775K, committed 2880K, reserved 1048576K
}
Event: 11.049 GC heap after
{Heap after GC invocations=7 (full 0):
 garbage-first heap   total 28672K, used 13740K [0x00000000c9400000, 0x0000000100000000)
  region size 1024K, 1 young (1024K), 1 survivors (1024K)
 Metaspace       used 22848K, committed 23104K, reserved 1114112K
  class space    used 2775K, committed 2880K, reserved 1048576K
}
Event: 12.226 GC heap before
{Heap before GC invocations=7 (full 0):
 garbage-first heap   total 28672K, used 18860K [0x00000000c9400000, 0x0000000100000000)
  region size 1024K, 7 young (7168K), 1 survivors (1024K)
 Metaspace       used 24419K, committed 24640K, reserved 1114112K
  class space    used 3165K, committed 3264K, reserved 1048576K
}
Event: 12.230 GC heap after
{Heap after GC invocations=8 (full 0):
 garbage-first heap   total 28672K, used 14980K [0x00000000c9400000, 0x0000000100000000)
  region size 1024K, 1 young (1024K), 1 survivors (1024K)
 Metaspace       used 24419K, committed 24640K, reserved 1114112K
  class space    used 3165K, committed 3264K, reserved 1048576K
}
Event: 12.491 GC heap before
{Heap before GC invocations=9 (full 0):
 garbage-first heap   total 28672K, used 20100K [0x00000000c9400000, 0x0000000100000000)
  region size 1024K, 6 young (6144K), 1 survivors (1024K)
 Metaspace       used 26122K, committed 26304K, reserved 1114112K
  class space    used 3369K, committed 3456K, reserved 1048576K
}
Event: 12.496 GC heap after
{Heap after GC invocations=10 (full 0):
 garbage-first heap   total 28672K, used 15282K [0x00000000c9400000, 0x0000000100000000)
  region size 1024K, 1 young (1024K), 1 survivors (1024K)
 Metaspace       used 26122K, committed 26304K, reserved 1114112K
  class space    used 3369K, committed 3456K, reserved 1048576K
}
Event: 12.573 GC heap before
{Heap before GC invocations=10 (full 0):
 garbage-first heap   total 28672K, used 15282K [0x00000000c9400000, 0x0000000100000000)
  region size 1024K, 2 young (2048K), 1 survivors (1024K)
 Metaspace       used 26407K, committed 26560K, reserved 1114112K
  class space    used 3407K, committed 3456K, reserved 1048576K
}
Event: 12.575 GC heap after
{Heap after GC invocations=11 (full 0):
 garbage-first heap   total 28672K, used 15156K [0x00000000c9400000, 0x0000000100000000)
  region size 1024K, 1 young (1024K), 1 survivors (1024K)
 Metaspace       used 26407K, committed 26560K, reserved 1114112K
  class space    used 3407K, committed 3456K, reserved 1048576K
}
Event: 13.344 GC heap before
{Heap before GC invocations=11 (full 0):
 garbage-first heap   total 28672K, used 20276K [0x00000000c9400000, 0x0000000100000000)
  region size 1024K, 6 young (6144K), 1 survivors (1024K)
 Metaspace       used 27626K, committed 27776K, reserved 1114112K
  class space    used 3522K, committed 3584K, reserved 1048576K
}

