# JRE version: OpenJDK Runtime Environment (17.0.7) (build 17.0.7+0-b2043.56-10550314)
# Java VM: OpenJDK 64-Bit Server VM (17.0.7+0-b2043.56-10550314, mixed mode, tiered, compressed oops, compressed class ptrs, g1 gc, windows-amd64)
GC Precious Log:
 CPUs: 2 total, 2 available
 Memory: 3503M
 Large Page Support: Disabled
 NUMA Support: Disabled
 Compressed Oops: Enabled (32-bit)
 Heap Region Size: 1M
 Heap Min Capacity: 8M
 Heap Initial Capacity: 56M
 Heap Max Capacity: 2G
 Pre-touch: Disabled
 Parallel Workers: 2
 Concurrent Workers: 1
 Concurrent Refinement Workers: 2
 Periodic GC: Disabled
Heap:
 garbage-first heap   total 270336K, used 155135K [0x0000000080000000, 0x0000000100000000)
  region size 1024K, 8 young (8192K), 8 survivors (8192K)
 Metaspace       used 109962K, committed 110784K, reserved 1179648K
  class space    used 14641K, committed 15040K, reserved 1048576K
GC Heap History (20 events):
Event: 53.366 GC heap after
{Heap after GC invocations=68 (full 0):
 garbage-first heap   total 270336K, used 97088K [0x0000000080000000, 0x0000000100000000)
  region size 1024K, 18 young (18432K), 18 survivors (18432K)
 Metaspace       used 98252K, committed 98944K, reserved 1179648K
  class space    used 13433K, committed 13760K, reserved 1048576K
}
Event: 67.616 GC heap before
{Heap before GC invocations=68 (full 0):
 garbage-first heap   total 270336K, used 219968K [0x0000000080000000, 0x0000000100000000)
  region size 1024K, 134 young (137216K), 18 survivors (18432K)
 Metaspace       used 104837K, committed 105536K, reserved 1179648K
  class space    used 14218K, committed 14592K, reserved 1048576K
}
Event: 69.282 GC heap after
{Heap after GC invocations=69 (full 0):
 garbage-first heap   total 270336K, used 108615K [0x0000000080000000, 0x0000000100000000)
  region size 1024K, 12 young (12288K), 12 survivors (12288K)
 Metaspace       used 104837K, committed 105536K, reserved 1179648K
  class space    used 14218K, committed 14592K, reserved 1048576K
}
Event: 69.618 GC heap before
{Heap before GC invocations=69 (full 0):
 garbage-first heap   total 270336K, used 109639K [0x0000000080000000, 0x0000000100000000)
  region size 1024K, 13 young (13312K), 12 survivors (12288K)
 Metaspace       used 104848K, committed 105536K, reserved 1179648K
  class space    used 14218K, committed 14592K, reserved 1048576K
}
Event: 69.879 GC heap after
{Heap after GC invocations=70 (full 0):
 garbage-first heap   total 270336K, used 110079K [0x0000000080000000, 0x0000000100000000)
  region size 1024K, 1 young (1024K), 1 survivors (1024K)
 Metaspace       used 104848K, committed 105536K, reserved 1179648K
  class space    used 14218K, committed 14592K, reserved 1048576K
}
Event: 74.053 GC heap before
{Heap before GC invocations=70 (full 0):
 garbage-first heap   total 270336K, used 157183K [0x0000000080000000, 0x0000000100000000)
  region size 1024K, 39 young (39936K), 1 survivors (1024K)
 Metaspace       used 105078K, committed 105792K, reserved 1179648K
  class space    used 14218K, committed 14592K, reserved 1048576K
}
Event: 74.113 GC heap after
{Heap after GC invocations=71 (full 0):
 garbage-first heap   total 270336K, used 131071K [0x0000000080000000, 0x0000000100000000)
  region size 1024K, 5 young (5120K), 5 survivors (5120K)
 Metaspace       used 105078K, committed 105792K, reserved 1179648K
  class space    used 14218K, committed 14592K, reserved 1048576K
}
Event: 76.255 GC heap before
{Heap before GC invocations=71 (full 0):
 garbage-first heap   total 270336K, used 140287K [0x0000000080000000, 0x0000000100000000)
  region size 1024K, 14 young (14336K), 5 survivors (5120K)
 Metaspace       used 105416K, committed 106112K, reserved 1179648K
  class space    used 14251K, committed 14592K, reserved 1048576K
}
Event: 76.292 GC heap after
{Heap after GC invocations=72 (full 0):
 garbage-first heap   total 270336K, used 134143K [0x0000000080000000, 0x0000000100000000)
  region size 1024K, 2 young (2048K), 2 survivors (2048K)
 Metaspace       used 105416K, committed 106112K, reserved 1179648K
  class space    used 14251K, committed 14592K, reserved 1048576K
}
Event: 83.736 GC heap before
{Heap before GC invocations=73 (full 0):
 garbage-first heap   total 270336K, used 159743K [0x0000000080000000, 0x0000000100000000)
  region size 1024K, 20 young (20480K), 2 survivors (2048K)
 Metaspace       used 105747K, committed 106432K, reserved 1179648K
  class space    used 14283K, committed 14592K, reserved 1048576K
}
Event: 83.802 GC heap after
{Heap after GC invocations=74 (full 0):
 garbage-first heap   total 270336K, used 137727K [0x0000000080000000, 0x0000000100000000)
  region size 1024K, 3 young (3072K), 3 survivors (3072K)
 Metaspace       used 105747K, committed 106432K, reserved 1179648K
  class space    used 14283K, committed 14592K, reserved 1048576K
}
Event: 84.961 GC heap before
{Heap before GC invocations=74 (full 0):
 garbage-first heap   total 270336K, used 146943K [0x0000000080000000, 0x0000000100000000)
  region size 1024K, 13 young (13312K), 3 survivors (3072K)
 Metaspace       used 105818K, committed 106496K, reserved 1179648K
  class space    used 14283K, committed 14592K, reserved 1048576K
}
Event: 84.977 GC heap after
{Heap after GC invocations=75 (full 0):
 garbage-first heap   total 270336K, used 138930K [0x0000000080000000, 0x0000000100000000)
  region size 1024K, 2 young (2048K), 2 survivors (2048K)
 Metaspace       used 105818K, committed 106496K, reserved 1179648K
  class space    used 14283K, committed 14592K, reserved 1048576K
}
Event: 87.383 GC heap before
{Heap before GC invocations=75 (full 0):
 garbage-first heap   total 270336K, used 188082K [0x0000000080000000, 0x0000000100000000)
  region size 1024K, 34 young (34816K), 2 survivors (2048K)
 Metaspace       used 106176K, committed 106880K, reserved 1179648K
  class space    used 14320K, committed 14656K, reserved 1048576K
}
Event: 87.426 GC heap after
{Heap after GC invocations=76 (full 0):
 garbage-first heap   total 270336K, used 140861K [0x0000000080000000, 0x0000000100000000)
  region size 1024K, 4 young (4096K), 4 survivors (4096K)
 Metaspace       used 106176K, committed 106880K, reserved 1179648K
  class space    used 14320K, committed 14656K, reserved 1048576K
}
Event: 90.779 GC heap before
{Heap before GC invocations=77 (full 0):
 garbage-first heap   total 270336K, used 170557K [0x0000000080000000, 0x0000000100000000)
  region size 1024K, 33 young (33792K), 4 survivors (4096K)
 Metaspace       used 106396K, committed 107200K, reserved 1179648K
  class space    used 14347K, committed 14720K, reserved 1048576K
}
Event: 90.807 GC heap after
{Heap after GC invocations=78 (full 0):
 garbage-first heap   total 270336K, used 145790K [0x0000000080000000, 0x0000000100000000)
  region size 1024K, 5 young (5120K), 5 survivors (5120K)
 Metaspace       used 106396K, committed 107200K, reserved 1179648K
  class space    used 14347K, committed 14720K, reserved 1048576K
}
Event: 91.346 GC heap before
{Heap before GC invocations=78 (full 0):
 garbage-first heap   total 270336K, used 152958K [0x0000000080000000, 0x0000000100000000)
  region size 1024K, 13 young (13312K), 5 survivors (5120K)
 Metaspace       used 107439K, committed 108224K, reserved 1179648K
  class space    used 14421K, committed 14848K, reserved 1048576K
}
Event: 91.407 GC heap after
{Heap after GC invocations=79 (full 0):
 garbage-first heap   total 270336K, used 146723K [0x0000000080000000, 0x0000000100000000)
  region size 1024K, 2 young (2048K), 2 survivors (2048K)
 Metaspace       used 107439K, committed 108224K, reserved 1179648K
  class space    used 14421K, committed 14848K, reserved 1048576K
}
Event: 95.190 GC heap before
{Heap before GC invocations=79 (full 0):
 garbage-first heap   total 270336K, used 206115K [0x0000000080000000, 0x0000000100000000)
  region size 1024K, 61 young (62464K), 2 survivors (2048K)
 Metaspace       used 109962K, committed 110784K, reserved 1179648K
  class space    used 14641K, committed 15040K, reserved 1048576K
}

